<?xml version="1.0" encoding="UTF-8"?>
<!-- Generated by org.testng.reporters.JUnitReportReporter -->
<testsuite skipped="0" hostname="DESKTOP-FN2OEAE" name="TestNGSessions.HomeTest" tests="2" failures="0" timestamp="2020-04-25T23:29:15 EDT" time="0.010" errors="0">
  <testcase name="header" time="0.006" classname="TestNGSessions.HomeTest"/>
  <system-out/>
  <testcase name="header" time="0.004" classname="TestNGSessions.HomeTest"/>
  <system-out/>
</testsuite> <!-- TestNGSessions.HomeTest -->
