<?xml version="1.0" encoding="UTF-8"?>
<!-- Generated by org.testng.reporters.JUnitReportReporter -->
<testsuite skipped="0" hostname="DESKTOP-FN2OEAE" name="TestNGSessions.TestNGAnnotations" tests="2" failures="0" timestamp="2020-04-25T22:10:07 EDT" time="0.003" errors="0">
  <testcase name="test2" time="0.002" classname="TestNGSessions.TestNGAnnotations"/>
  <system-out/>
  <testcase name="test1" time="0.001" classname="TestNGSessions.TestNGAnnotations"/>
  <system-out/>
</testsuite> <!-- TestNGSessions.TestNGAnnotations -->
