<?xml version="1.0" encoding="UTF-8"?>
<!-- Generated by org.testng.reporters.JUnitReportReporter -->
<testsuite skipped="0" hostname="DESKTOP-FN2OEAE" name="TestNGSessions.DependsOnMethodsConcept" tests="3" failures="0" timestamp="2020-04-20T22:30:46 EDT" time="0.011" errors="0">
  <testcase name="login" time="0.008" classname="TestNGSessions.DependsOnMethodsConcept"/>
  <system-out/>
  <testcase name="search" time="0.002" classname="TestNGSessions.DependsOnMethodsConcept"/>
  <system-out/>
  <testcase name="home" time="0.001" classname="TestNGSessions.DependsOnMethodsConcept"/>
  <system-out/>
</testsuite> <!-- TestNGSessions.DependsOnMethodsConcept -->
