<?xml version="1.0" encoding="UTF-8"?>
<!-- Generated by org.testng.reporters.JUnitReportReporter -->
<testsuite skipped="0" hostname="DESKTOP-FN2OEAE" name="TestNGSessions.ContactTest" tests="2" failures="0" timestamp="2020-04-25T23:29:15 EDT" time="0.006" errors="0">
  <testcase name="contact" time="0.005" classname="TestNGSessions.ContactTest"/>
  <system-out/>
  <testcase name="contact" time="0.001" classname="TestNGSessions.ContactTest"/>
  <system-out/>
</testsuite> <!-- TestNGSessions.ContactTest -->
