<?xml version="1.0" encoding="UTF-8"?>
<!-- Generated by org.testng.reporters.JUnitReportReporter -->
<testsuite skipped="0" hostname="DESKTOP-FN2OEAE" name="TestNGSessions.TestNGInvocationCount" tests="8" failures="0" timestamp="2020-04-25T22:01:34 EDT" time="0.007" errors="0">
  <testcase name="invocationCountTest1" time="0.001" classname="TestNGSessions.TestNGInvocationCount"/>
  <system-out/>
  <testcase name="invocationCountTest2" time="0.001" classname="TestNGSessions.TestNGInvocationCount"/>
  <system-out/>
  <testcase name="invocationCountTest2" time="0.001" classname="TestNGSessions.TestNGInvocationCount"/>
  <system-out/>
  <testcase name="invocationCountTest2" time="0.000" classname="TestNGSessions.TestNGInvocationCount"/>
  <system-out/>
  <testcase name="invocationCountTest1" time="0.001" classname="TestNGSessions.TestNGInvocationCount"/>
  <system-out/>
  <testcase name="invocationCountTest1" time="0.001" classname="TestNGSessions.TestNGInvocationCount"/>
  <system-out/>
  <testcase name="invocationCountTest2" time="0.001" classname="TestNGSessions.TestNGInvocationCount"/>
  <system-out/>
  <testcase name="invocationCountTest2" time="0.001" classname="TestNGSessions.TestNGInvocationCount"/>
  <system-out/>
</testsuite> <!-- TestNGSessions.TestNGInvocationCount -->
