<?xml version="1.0" encoding="UTF-8"?>
<!-- Generated by org.testng.reporters.JUnitReportReporter -->
<testsuite skipped="0" hostname="DESKTOP-FN2OEAE" name="TestNGSessions.priorityConcept" tests="4" failures="0" timestamp="2020-04-25T22:10:07 EDT" time="0.007" errors="0">
  <testcase name="ctest" time="0.001" classname="TestNGSessions.priorityConcept"/>
  <system-out/>
  <testcase name="dtest" time="0.002" classname="TestNGSessions.priorityConcept"/>
  <system-out/>
  <testcase name="btest" time="0.002" classname="TestNGSessions.priorityConcept"/>
  <system-out/>
  <testcase name="atest" time="0.002" classname="TestNGSessions.priorityConcept"/>
  <system-out/>
</testsuite> <!-- TestNGSessions.priorityConcept -->
