<?xml version="1.0" encoding="UTF-8"?>
<!-- Generated by org.testng.reporters.JUnitReportReporter -->
<testsuite skipped="0" hostname="DESKTOP-FN2OEAE" name="TestNGSessions.TestNGWithSeleniumCase1" tests="3" failures="0" timestamp="2020-04-25T22:01:34 EDT" time="0.058" errors="0">
  <testcase name="titleTest" time="0.011" classname="TestNGSessions.TestNGWithSeleniumCase1"/>
  <system-out/>
  <testcase name="urlCheck" time="0.005" classname="TestNGSessions.TestNGWithSeleniumCase1"/>
  <system-out/>
  <testcase name="searhTest" time="0.042" classname="TestNGSessions.TestNGWithSeleniumCase1"/>
  <system-out/>
</testsuite> <!-- TestNGSessions.TestNGWithSeleniumCase1 -->
